<?xml version="1.0" encoding="UTF-8"?>
<!-- Generated by org.testng.reporters.JUnitReportReporter -->
<testsuite skipped="0" hostname="INLT3597" name="test.firstPageTest" tests="1" failures="0" timestamp="2022-05-23T12:56:01 IST" time="0.653" errors="0">
  <testcase name="firstPageTest" time="0.653" classname="test.firstPageTest"/>
  <system-out>
    <![CDATA[Test Result: 
StatusId : b9030a7e-6d8f-498d-5cb4-9817
URL : https://eureka-server-a2.cloud.pcftest.com/
Application : EUREKA-CLIENT
Expected Application : = EUREKA-CLIENT
Actual Application : = EUREKA-CLIENT
Application : EUREKA-HYSTRIX
Expected Application : = EUREKA-HYSTRIX
Actual Application : = EUREKA-HYSTRIX
Expected Result : Status = UP
Actual Result : Status = UP
Result : Passed]]>
  </system-out>
</testsuite> <!-- test.firstPageTest -->
